%ca0-Logging started at: 27-MAR-12 18:12:26
% From previous-log-file: ca0_data/tip013.log
CD0> 
lk
From to: 
1 25
CD0> 
search
T C P? 
8 40 180
Phi_Offset [0]? 
034100062111113032112203104102113113232233223311 -12 P 1   0 N 1 -60.19  Hole
33 Peak    4.404 Discr   6.626 Bgr   0.596 Angs:  9.656 -74.563  -4.278  42.223
020111202221212051110112222123130101011210012121  12 P 1   0 N 1  45.14  Hole
88 Peak    4.415 Discr   6.586 Bgr   0.585 Angs:  9.656  -3.398  -4.278  42.223
002120201011110110120220022224300210223220225001  12 P 1   0 N 1  45.14  Hole
93 Peak    5.293 Discr   7.037 Bgr   0.707 Angs:  9.656  43.752  -4.278  42.223
132130020220311041002320142220232013101101311261  12 P 1   0 N 1  45.14  Hole
20 Peak    4.362 Discr   6.786 Bgr   0.638 Angs:  9.656  54.720  -4.278  42.223
221112022230013122111020342030001221111032222100  12 P 1   0 N 1  45.14  Hole
66 Peak    5.005 Discr   7.998 Bgr   0.995 Angs:  8.000  76.027  -5.207  40.124
120131431244241042111223221502205232305310031334 -12 P 1   0 N 1 -45.14  Hole
 2 Peak    4.984 Discr   8.065 Bgr   1.016 Angs:  8.000   0.997  -5.207  40.124
533210022032210114214323230032222202434401343523 -12 P 1   0 N 1 -45.14  Hole
 9 Peak    9.872 Discr   8.409 Bgr   1.128 Angs:  8.000 -40.551  -5.207  40.124
    1
133512412222411013423672402033423111110021604223 -12 P 1   0 N 1 -45.14  Hole
81 Peak    7.053 Discr   7.846 Bgr   0.947 Angs:  8.000 -52.111  -5.207  40.124
130134421223032011140131131111312033332186212051 -12 P 1   0 N 1 -45.14  Hole
54 Peak    8.527 Discr   9.408 Bgr   1.473 Angs:  6.344 -64.771  -5.777  36.959
294200325521024235235541117663130634226104552353  12 P 1   0 N 1  45.14  Hole
66 Peak    6.489 Discr   9.511 Bgr   1.511 Angs:  6.344 -14.009  -5.777  36.959
143326334213416331044363521254245463231215345620  12 P 1   0 N 1  45.14  Hole
58 Peak    5.644 Discr   9.080 Bgr   1.356 Angs:  6.344  27.362  -5.777  36.959
412124264022524263301433156155344312124361202342  12 P 1   0 N 1  45.14  Hole
66 Peak    7.633 Discr   9.110 Bgr   1.367 Angs:  6.344  76.374  -5.777  36.959
206313321433255322454231213541446742335152120301  12 P 1   0 N 1  45.14  Hole
33 Peak    6.995 Discr  10.808 Bgr   2.005 Angs:  6.344  50.837 -11.430  53.024
727226543455244495333944522545434333346583513354 -12 P 1   0 N 1 -60.19  Hole
21 Peak    6.867 Discr  11.125 Bgr   2.133 Angs:  6.344 -16.666 -11.430  53.024
447545366398754522444356231455555342441536548435 -12 P 1   0 N 1 -60.19  Hole
62 Peak    9.691 Discr  11.553 Bgr   2.309 Angs:  6.344 -51.259 -11.430  53.024
                              1
434553543637184235836653736342188423635869735344 -12 P 1   0 N 1 -60.19  Hole
85 Peak   10.037 Discr  10.700 Bgr   1.963 Angs:  6.344 -36.694 -17.738  69.640
                                          1
546243541332047654622384342443224846373646236523  12 P 1   0 N 1  60.19  Hole
80 Peak    8.777 Discr  11.347 Bgr   2.223 Angs:  6.344  20.358 -17.738  69.640
156538833647921344742572576605644353269693253553  12 P 1   0 N 1  60.19  Hole
49 Peak    7.064 Discr  10.633 Bgr   1.936 Angs:  6.344  60.980 -17.738  69.640
556347347467420434322744932345435247456225551142  12 P 1   0 N 1  60.19  Hole
72 Peak   12.702 Discr  13.809 Bgr   3.298 Angs:  6.344  67.608 -25.110  87.177
 1                            1    1     1   1 1
805979677535395768774697657567272861925940682581 -12 P 1   0 N 1 -90.29  Hole
14 Peak    7.984 Discr  13.188 Bgr   3.016 Angs:  6.344 -76.566 -25.110  87.177
1       1  1                         1
075847890461865469558755863764846434508675459545 -12 P 1   0 N 1 -90.29  Hole
31 Peak    7.160 Discr  10.388 Bgr   1.840 Angs:  8.000 -60.792 -20.357  80.054
233245435353211964734495722356652336210414243736  12 P 1   0 N 1  90.29  Hole
32 Peak    7.144 Discr  10.429 Bgr   1.856 Angs:  8.000  30.323 -20.357  80.054
214865366170342693135454433665215250454824325511  12 P 1   0 N 1  90.29  Hole
18 Peak    5.106 Discr   7.673 Bgr   0.894 Angs:  9.656  41.506 -16.779  75.457
221123223322102111200121321162201203233221235241 -12 P 1   0 N 1 -60.19  Hole
75 Peak    5.234 Discr   7.243 Bgr   0.766 Angs:  9.656  17.084 -16.779  75.457
211122052220242011121023120120201122261122123311 -12 P 1   0 N 1 -60.19  Hole
30 Peak    5.096 Discr   7.708 Bgr   0.904 Angs:  9.656 -71.064 -16.779  75.457
231423212242034430102312122122233342130300201121 -12 P 1   0 N 1 -60.19  Hole
64 Peak    4.351 Discr   6.825 Bgr   0.649 Angs: 11.312 -49.837 -13.817  72.253
312222211011131001131111111231223110131401105002  12 P 1   0 N 1  60.19  Hole
 6 Peak    3.463 Discr   6.400 Bgr   0.537 Angs: 11.312 -26.125 -13.817  72.253
202203122101001011201200300211122121021021122202  12 P 1   0 N 1  60.19  Hole
22 Peak    4.309 Discr   6.980 Bgr   0.691 Angs: 11.312  43.925 -13.817  72.253
303211211032102011320230310111012331221150113023  12 P 1   0 N 1  60.19  Hole
58 Peak    4.282 Discr   7.075 Bgr   0.718 Angs: 11.312  66.643  -9.998  62.518
331022301011130122212212010134312404010132034001 -12 P 1   0 N 1 -60.19  Hole
30 Peak    6.271 Discr   7.113 Bgr   0.729 Angs: 11.312 -11.266  -9.998  62.518
240501122303206212501010110012311006133023001301 -12 P 1   0 N 1 -60.19  Hole
24 Peak    4.516 Discr   6.186 Bgr   0.484 Angs: 11.312 -74.738  -9.998  62.518
121211031131411120200011002102002010311210121010 -12 P 1   0 N 1 -60.19  Hole
15 Peak    3.431 Discr   6.525 Bgr   0.569 Angs: 11.312 -80.607  -6.462  53.024
120023142210212022201001012001121031313100112102  12 P 1   0 N 1  60.19  Hole
15 Peak    6.319 Discr   6.942 Bgr   0.681 Angs: 11.312 -20.545  -6.462  53.024
350430272214021233012001400111200222000033101000  12 P 1   0 N 1  60.19  Hole
21 Peak    4.314 Discr   6.961 Bgr   0.686 Angs: 11.312  43.471  -6.462  53.024
000412213151100201205111312111002411321020332021  12 P 1   0 N 1  60.19  Hole
60 Peak    3.622 Discr   5.728 Bgr   0.378 Angs: 11.312  73.588  -3.141  43.711
010000101212120200010100101101321211001010030321 -12 P 1   0 N 1 -45.14  Hole
 5 Peak    3.532 Discr   6.120 Bgr   0.468 Angs: 11.312   2.677  -3.141  43.711
024111011211000131202013001102011220011220101110 -12 P 1   0 N 1 -45.14  Hole
33 Peak    7.585 Discr   5.893 Bgr   0.415 Angs: 11.312 -29.178  -3.141  43.711
012101100101011080100102201110200321312020100102 -12 P 1   0 N 1 -45.14  Hole
 4 Peak    3.543 Discr   6.075 Bgr   0.457 Angs: 11.312 -87.969  -3.141  43.711
214000010200102011110011301121024102011012011040 -12 P 1   0 N 1 -45.14  Hole
23 Peak    3.564 Discr   5.985 Bgr   0.436 Angs: 11.312 -79.198   0.017  34.533
000301221214110002111211021200101100110102102011  12 P 1   0 N 1  45.14  Hole
 2 Peak    3.463 Discr   6.400 Bgr   0.537 Angs: 11.312 -43.973   0.017  34.533
323020201321122201102022131010230002000110011310  12 P 1   0 N 1  45.14  Hole
14 Peak    3.436 Discr   6.504 Bgr   0.564 Angs: 11.312   6.751   0.017  34.533
001021221120120110112211320211121311211010122301  12 P 1   0 N 1  45.14  Hole
79 Peak    3.484 Discr   6.315 Bgr   0.516 Angs: 11.312  82.367   0.017  34.533
130122110110023011121011100200002021001412212321  12 P 1   0 N 1  45.14  Hole
50 Peak    4.335 Discr   6.884 Bgr   0.665 Angs:  9.656  68.683  -0.649  31.596
000001130232110202211210433111053001202112022342 -12 P 1   0 N 1 -45.14  Hole
93 Peak    3.324 Discr   6.922 Bgr   0.676 Angs:  9.656  44.032  -0.649  31.596
211120120311011310012130111022211033221123022341 -12 P 1   0 N 1 -45.14  Hole
 2 Peak    3.287 Discr   7.056 Bgr   0.713 Angs:  9.656 -43.738  -0.649  31.596
043210233312200031022334011113020021213101220111 -12 P 1   0 N 1 -45.14  Hole
94 Peak    5.351 Discr   6.825 Bgr   0.649 Angs:  9.656 -45.752  -0.649  31.596
030222100211012322120240101210101111311301113146 -12 P 1   0 N 1 -45.14  Hole
 1 Peak    4.032 Discr   7.914 Bgr   0.968 Angs:  8.000 -89.607  -0.922  27.456
514123433013220413021353114202301101212120034434  12 P 1   0 N 1  45.14  Hole
36 Peak    4.069 Discr   7.794 Bgr   0.931 Angs:  8.000 -28.229  -0.922  27.456
231133023221101044213333111333211113110222331244  12 P 1   0 N 1  45.14  Hole
 1 Peak    5.127 Discr   7.605 Bgr   0.873 Angs:  8.000   0.756  -0.922  27.456
612211123131143122251343120121522211203002212101  12 P 1   0 N 1  45.14  Hole
70 Peak    5.941 Discr   8.198 Bgr   1.059 Angs:  8.000  78.285  -0.922  27.456
132232231031334021424312103231334035422112234321  12 P 1   0 N 1  45.14  Hole
23 Peak    9.383 Discr   9.800 Bgr   1.617 Angs:  6.344  56.157  -0.521  21.222
           1
154312434451446433230622247431310185341533322617 -12 P 1   0 N 1 -45.14  Hole
 8 Peak    4.569 Discr   9.290 Bgr   1.431 Angs:  6.344   3.933  -0.521  21.222
414542242131342431224121243422214236341356263264 -12 P 1   0 N 1 -45.14  Hole
34 Peak    6.601 Discr   9.200 Bgr   1.399 Angs:  6.344 -29.034  -0.521  21.222
122333431414422055641011021473374533345103123744 -12 P 1   0 N 1 -45.14  Hole
 5 Peak    5.660 Discr   9.034 Bgr   1.340 Angs:  6.344 -87.597  -0.521  21.222
427035215212543234712515131322330263162045103413 -12 P 1   0 N 1 -45.14  Hole
73 Peak   22.899 Discr  13.377 Bgr   3.101 Angs:  4.688 -55.525   1.196  10.849
                       1      1    12 1
773765775866465557339390765278097590680276652797  12 P 1   0 N 1  45.14  Hole
34 Peak   13.176 Discr  12.758 Bgr   2.824 Angs:  4.688 -28.989   1.196  10.849
            1 1 111                       1
474772255745042532035984652885377475644773443254  12 P 1   0 N 1  45.14  Hole
82 Peak    9.282 Discr  12.515 Bgr   2.718 Angs:  4.688  38.688   1.196  10.849
                                   1        1 1
645158785675373656856664543746852530672489541605  12 P 1   0 N 1  45.14  Hole
70 Peak    9.952 Discr  13.259 Bgr   3.048 Angs:  4.688  78.106   1.196  10.849
     1     1   1                  1   1
779520238731759073866358676377946427750639474857  12 P 1   0 N 1  45.14  Hole
76 Peak    8.952 Discr  13.259 Bgr   3.048 Angs:  4.688  80.879  -5.649  31.694
             1    1                  1    1
775868865558608345083564356949764685818746233577 -12 P 1   0 N 1 -45.14  Hole
94 Peak    9.048 Discr  13.046 Bgr   2.952 Angs:  4.688  44.478  -5.649  31.694
        1         1               1 1      1
573868331368669473025448337455368706048789406469 -12 P 1   0 N 1 -45.14  Hole
31 Peak   10.952 Discr  13.259 Bgr   3.048 Angs:  4.688 -30.352  -5.649  31.694
11             11            1      1  1
017756576366468406218884379682546573232054458669 -12 P 1   0 N 1 -45.14  Hole
47 Peak    8.144 Discr  12.830 Bgr   2.856 Angs:  4.688 -68.059  -5.649  31.694
         1             1                  1
473766556073557685665341877571567887347638053853 -12 P 1   0 N 1 -45.14  Hole
61 Peak   14.261 Discr  14.751 Bgr   3.739 Angs:  4.688 -51.920 -13.086  53.024
11         1       1  1   1  11 1     1 1   1  1
015886445370667575873318755651822877853518772891  12 P 1   0 N 1  60.19  Hole
34 Peak   29.941 Discr  15.414 Bgr   4.059 Angs:  4.688  -8.833 -13.086  53.024
11        1 11  31  1      11  1111  1  1     11
009797554517023702762858949008901018619608796525  12 P 1   0 N 1  60.19  Hole
58 Peak   43.963 Discr  15.370 Bgr   4.037 Angs:  4.688  66.838 -13.086  53.024
      1 1   1       1   11  141 1 1    1      1
599245191798068989984396117406293819488077778439  12 P 1   0 N 1  60.19  Hole
                        23655421
132031214122013132420425372965278242650320030400   1 O 1   1 T 6   1.25  Hole
                               1
                              30755661
022201001010100002001110010020565044571000000100   1 T 1   0 N 0   1.65  1.30
                                        11
                                      285361
201000210201140011001111103101221011123002600101   1 T 5   0 N 0   1.06   Neg
     111
    314571
000507546531210001001010210000101201010010113001   1 T 5   0 N 0   1.06   Pos
                13224565475231 1
020021001001102531180204923935927131421031012001   1 O 2   1 T 6   0.66  2.49
                 112354554531221
010000001000024813287092910889383713200101012110   1 T 5   0 N 0   0.33   Neg
                   1122445555211
010000000010000013403342468829337100000200001001   1 T 5   0 N 0   0.40   Pos
Shifts (T,O,C):   0.4376   0.0749  -4.1178
 1 *   5.126 S   68.854  -10.994   47.411    2     0.58    524.1     
 1 0 N 0 -60.19  Hole
52 Peak   12.096 Discr  15.095 Bgr   3.904 Angs:  4.688   2.757 -21.703  75.350
   1 1 111 1 1   1    11111 1   1              1
837490520090809670674820420734632947587775745875 -12 P 1   0 N 0 -60.19  Hole
49 Peak   11.888 Discr  15.523 Bgr   4.112 Angs:  4.688 -59.396 -21.703  75.350
  1 11  1   1 1     11 11 1         1   11 1 111
490820950747293338485190694693585775157911906211 -12 P 1   0 N 0 -60.19  Hole
68 Peak   25.676 Discr  29.971 Bgr  12.324 Angs:  4.688  38.312 -32.606  99.691
222231222222222222223222212112323332221222232233
619215925251678370091765995770335252287361517700  12 P 1   0 N 0 180.58  Hole
 8 Peak   65.628 Discr  19.886 Bgr   6.372 Angs:  6.344 -75.910 -34.299 106.363
1 171111121 11 111111111 111111 111 11 111111111
283013426098218150255377926405256829259353360094  12 P 1   0 N 0 180.58  Hole
                     1321
501213000310300032016489760133112111011100200111   1 O 1   1 T 6   1.25  Hole
234323
522091200100001200000010010000001001100000200002   1 T 1   0 N 0   1.65  1.30
                               11
                             164592
112121210121001101341221211231513953132210120232   1 T10   0 N 0   1.06   Neg
             11
           29426
420020120224376155122121002101000102130112152320   1 T10   0 N 0   1.06   Pos
                            1  1 1
                 112254567770890805643211
002112102120112111404039956649346922648936583250   1 O 4   1 T 6   0.46  2.50
              1234454353211
011111000010156689639647776311000000000000000010   1 T 4   0 N 0   0.40   Neg
               1124434343311
000000001013455495123435137774400100100001021000   1 T 4   0 N 0   0.33   Pos
Shifts (T,O,C):  -0.7358   0.0225  -2.0187
 2 *   5.608 S  -74.168  -32.534  102.935    4     0.48   1113.5     
 2 ak    8.144 Discr  10.429 Bgr   1.856 Angs:  8.000 -56.974 -26.876  94.650
                 1
585433546963873480313644131155452520233252033313 -12 P 1   0 N 0 -90.29  Hole
58 Peak   10.309 Discr   9.999 Bgr   1.691 Angs:  9.656 -35.192 -21.868  87.333
214455634442760242113431565249348351344312435343  12 P 1   0 N 0  90.29  Hole
44 Peak    7.670 Discr   9.004 Bgr   1.330 Angs:  9.656  41.432 -21.868  87.333
434322420451223230283743242125125312423123621432  12 P 1   0 N 0  90.29  Hole
17 Peak    5.170 Discr   7.461 Bgr   0.830 Angs: 11.312  16.361 -18.011  82.314
120101316105211421442103112212311332222102200401 -12 P 1   0 N 0 -90.29  Hole
62 Peak    4.101 Discr   7.690 Bgr   0.899 Angs: 11.312 -31.908 -18.011  82.314
113123211133142112320232033212420311301124222502 -12 P 1   0 N 0 -90.29  Hole
25 Peak    4.213 Discr   7.316 Bgr   0.787 Angs: 12.968 -66.105 -14.801  78.663
110212222332502201213101130431031313122001240131  12 P 1   0 N 0  90.29  Hole
95 Peak   21.206 Discr   7.338 Bgr   0.794 Angs: 12.968  89.228 -14.801  78.663
                                               2
021321352214120002211100321201202321031032121522  12 P 1   0 N 0  90.29  Hole
                 14365211
100010100000011498268287553111010310001112011000   1 O 1   1 T 6   1.32  Hole
2233332
911127840200100000000200100002000000000001010001   1 T 1   0 N 0   1.65  1.30
               259741
101011101010011486923400010000020010102101000000   1 T 6   0 N 0   1.06   Neg
                         125951
111110021000003000210011017753211111001110000000   1 T 6   0 N 0   1.06   Pos
                 1134456664313231
000100000021000262904384202080404441200110002100   1 O 2   1 T 6   0.73  2.62
                  12334444211
210000000100101068648195336425340012001000000003   1 T 6   0 N 0   0.40   Neg
                    233542221
011000000001100156895171087845101000100000000012   1 T 6   0 N 0   0.40   Pos
Shifts (T,O,C):  -0.8046  -0.0844   0.5568
 3 *  12.163 S   88.881  -15.233   79.486    2     0.68    555.6     
 3 382   58.656   1  2 0.68     277.8 
Search: 27-MAR-12 18:49:34
41 Peak    3.420 Discr   6.565 Bgr   0.580 Angs: 12.968  56.130 -11.218  69.900
111031010210110213214100110220221221213210111211 -12 P 1   0 N 0 -60.19  Hole
43 Peak    4.527 Discr   6.142 Bgr   0.473 Angs: 12.968  -2.878 -11.218  69.900
101111400023023020220502011100101002001013111102 -12 P 1   0 N 0 -60.19  Hole
82 Peak    3.436 Discr   6.504 Bgr   0.564 Angs: 12.968 -38.650 -11.218  69.900
101103222001221010200322113022202100102124030110 -12 P 1   0 N 0 -60.19  Hole
64 Peak    8.447 Discr   6.463 Bgr   0.553 Angs: 12.968 -49.962  -7.906  61.372
013033113011212311211200200101064000110210114120  12 P 1   0 N 0  60.19  Hole
73 Peak    8.511 Discr   6.207 Bgr   0.489 Angs: 12.968  15.948  -7.906  61.372
101111210211000002104300121120102100921110020231  12 P 1   0 N 0  60.19  Hole
27 Peak    2.521 Discr   6.164 Bgr   0.479 Angs: 12.968  46.989  -7.906  61.372
001012102012031120110130002100012010123320320110  12 P 1   0 N 0  60.19  Hole
35 Peak    3.404 Discr   6.626 Bgr   0.596 Angs: 12.968  52.152  -4.806  53.024
302022221120011304013221000130112112130103200112 -12 P 1   0 N 0 -60.19  Hole
93 Peak    3.601 Discr   5.823 Bgr   0.399 Angs: 12.968  28.160  -4.806  53.024
100201011000012210001212020302111210100211020040 -12 P 1   0 N 0 -60.19  Hole
27 Peak    3.521 Discr   6.164 Bgr   0.479 Angs: 12.968 -72.886  -4.806  53.024
221100013001140203111111021223011021132000000011 -12 P 1   0 N 0 -60.19  Hole
 5 Peak    2.670 Discr   5.506 Bgr   0.330 Angs: 12.968 -87.752  -1.873  44.816
013011110001010000032000110221013300100010010011  12 P 1   0 N 0  45.14  Hole
21 Peak    2.697 Discr   5.377 Bgr   0.303 Angs: 12.968 -34.951  -1.873  44.816
001000110031010010110011101200100312001100210111  12 P 1   0 N 0  45.14  Hole
46 Peak   12.559 Discr   6.008 Bgr   0.441 Angs: 12.968  21.994  -1.873  44.816
                       1
111211103010002201210112011022021002000211201102  12 P 1   0 N 0  45.14  Hole
 4 Peak    3.516 Discr   6.186 Bgr   0.484 Angs: 12.968  47.297  -1.873  44.816
113211101310103121110024100222010120000003021011  12 P 1   0 N 0  45.14  Hole
54 Peak    3.564 Discr   5.985 Bgr   0.436 Angs: 12.968  70.776   0.930  36.716
112110200120111202200301201301120021110211001100 -12 P 1   0 N 0 -45.14  Hole
12 Peak    3.511 Discr   6.207 Bgr   0.489 Angs: 12.968   5.967   0.930  36.716
000012330011021001211120112201201102010301111421 -12 P 1   0 N 0 -45.14  Hole
37 Peak    4.569 Discr   5.962 Bgr   0.431 Angs: 12.968 -27.591   0.930  36.716
110112100002010200521011100210002120102221201203 -12 P 1   0 N 0 -45.14  Hole
60 Peak   10.617 Discr   5.752 Bgr   0.383 Angs: 12.968 -62.027   0.930  36.716
                             1
010100001101111211012001000410102001111101020221 -12 P 1   0 N 0 -45.14  Hole
81 Peak    4.633 Discr   5.680 Bgr   0.367 Angs: 12.968 -51.902   3.632  28.700
111120001211200022000210202001110000100053011200  12 P 1   0 N 0  45.14  Hole
61 Peak    3.606 Discr   5.800 Bgr   0.394 Angs: 12.968 -16.116   3.632  28.700
001312110001210201211111001100402100210110020110  12 P 1   0 N 0  45.14  Hole
 6 Peak    5.532 Discr   6.120 Bgr   0.468 Angs: 12.968   2.994   3.632  28.700
113422001112040120100112101101000102102101043010  12 P 1   0 N 0  45.14  Hole
10 Peak    2.527 Discr   6.142 Bgr   0.473 Angs: 12.968  49.846   3.632  28.700
121121300111002000011203210103211013101111110021  12 P 1   0 N 0  45.14  Hole
 8 Peak    2.532 Discr   6.120 Bgr   0.468 Angs: 11.312  49.135   3.054  25.454
120230021200012101110330103021100200302101102100 -12 P 1   0 N 0 -45.14  Hole
33 Peak    2.617 Discr   5.752 Bgr   0.383 Angs: 11.312  15.780   3.054  25.454
100200200101101032100210221111110001100303011100 -12 P 1   0 N 0 -45.14  Hole
 1 Peak    5.513 Discr   6.197 Bgr   0.487 Angs: 11.312 -44.677   3.054  25.454
630002021143001130000101002020312120001030320001 -12 P 1   0 N 0 -45.14  Hole
 8 Peak    5.415 Discr   6.586 Bgr   0.585 Angs: 11.312 -86.145   3.054  25.454
100353210121212013240021012021000020221250101020 -12 P 1   0 N 0 -45.14  Hole
80 Peak    4.309 Discr   6.980 Bgr   0.691 Angs:  9.656 -52.362   2.835  21.088
021110311130332212212202212102100313120230223004  12 P 1   0 N 0  45.14  Hole
67 Peak    4.340 Discr   6.864 Bgr   0.660 Angs:  9.656 -13.381   2.835  21.088
131013311104002012021411121322211521021032003000  12 P 1   0 N 0  45.14  Hole
18 Peak    4.431 Discr   6.525 Bgr   0.569 Angs:  9.656   8.569   2.835  21.088
201200024202010111222310101042011311020032311121  12 P 1   0 N 0  45.14  Hole
25 Peak    5.415 Discr   6.586 Bgr   0.585 Angs:  9.656  57.103   2.835  21.088
103321110202630211012111001022213002104000102141  12 P 1   0 N 0  45.14  Hole
34 Peak    6.223 Discr   7.280 Bgr   0.777 Angs:  8.000  61.275   3.186  14.934
313330103112203044124141212322404041001011001113 -12 P 1   0 N 0 -45.14  Hole
57 Peak    6.064 Discr   7.811 Bgr   0.936 Angs:  8.000  27.084   3.186  14.934
411213112231131112101224002173214033222132141363 -12 P 1   0 N 0 -45.14  Hole
24 Peak    4.016 Discr   7.965 Bgr   0.984 Angs:  8.000 -33.872   3.186  14.934
104221223234242231031430211123251213111032404331 -12 P 1   0 N 0 -45.14  Hole
45 Peak    5.117 Discr   7.638 Bgr   0.883 Angs:  8.000 -68.865   3.186  14.934
241112020013420121043362300214131233111331232140 -12 P 1   0 N 0 -45.14  Hole
 7 Peak   11.564 Discr  14.107 Bgr   3.436 Angs:  6.344 -86.683   4.526   5.656
   1        1        11  1 1 1         1       1
662556956786246879546117729050478847583247686560  12 P 1   0 N 0  45.14  Hole
22 Peak    9.617 Discr  11.731 Bgr   2.383 Angs:  6.344 -34.515   4.526   5.656
                          1
987154657899756425233363742742932431236538482447  12 P 1   0 N 0  45.14  Hole
15 Peak    5.356 Discr   9.871 Bgr   1.644 Angs:  6.344   7.411   4.526   5.656
145342474436264252635222252515314225216421721156  12 P 1   0 N 0  45.14  Hole
42 Peak   26.559 Discr   9.320 Bgr   1.441 Angs:  6.344  64.803   4.526   5.656
                    2
653311431410222322386633333523214462223254123531  12 P 1   0 N 0  45.14  Hole
                      3555521
311230110302211310228837542762201222100001021101   1 O 1   1 T 6   1.25  Hole
          176666553
100010100134314857220000011100300000000000010001   1 T 1   0 N 0   1.65  1.30
    111
  194826
112962608200012210300001011001010121100010103001   1 T 5   0 N 0   1.06   Neg
                   2466766864221
200100010000011159794559866046179421110001100000   1 O 2   1 T 6   0.73  2.51
                      111
                     41324
112021010000101100206958638100100000220100010100   1 T 4   0 N 0   1.06   Neg
                     11
                   252441
010111111101000210940305200001002010100001000000   1 T 4   0 N 0   1.06   Pos
Shifts (T,O,C):  -0.3040   0.0208   3.7176
 4 *   6.040 S   63.237    2.982   10.513    2     0.57    643.6     
 4 
 1   11111 1111 111 11111 11111111111 11  1   11
608892032091131703570111061144446321380489559854  12 P 1   0 N 0  45.14  Hole
45 Peak   16.798 Discr  17.687 Bgr   5.202 Angs:  3.032  66.480  16.444 -40.718
 11 11111 111  11 11112111 1111    11 111  1111
801742030723066306930223006460277981067239830038  12 P 1   0 N 0  45.14  Hole
68 Peak   12.176 Discr  16.952 Bgr   4.824 Angs:  3.032  77.169   6.090  -9.506
1   1  1 1111 1 1  1 11       1  11111    111111
399609915031093769447027788779287137067688523022 -12 P 1   0 N 0 -45.14  Hole
32 Peak   12.032 Discr  17.233 Bgr   4.968 Angs:  3.032  14.970   6.090  -9.506
1  11 1 1  1 111111    1   111 1  111111 1     1
478016291781811450296656848056907951256186898696 -12 P 1   0 N 0 -45.14  Hole
39 Peak   11.426 Discr  16.457 Bgr   4.574 Angs:  3.032 -26.664   6.090  -9.506
11   1 11   11  1  1 1   1 111 11 1  11     1111
436891911568217715869177766121900936800657771541 -12 P 1   0 N 0 -45.14  Hole
12 Peak   16.617 Discr  18.034 Bgr   5.383 Angs:  3.032 -84.364   6.090  -9.506
1111 111 1 11111    1111      111111111  111111
127397536170131668692224977968324903122992115525 -12 P 1   0 N 0 -45.14  Hole
85 Peak   13.670 Discr  17.932 Bgr   5.330 Angs:  3.032 -50.050  -3.892  21.404
 11 111111    11111  1 1 11 1 1 1 111 1 11111
940853711098592212389660672849164875596901920577  12 P 1   0 N 0  45.14  Hole
28 Peak   12.404 Discr  16.500 Bgr   4.596 Angs:  3.032 -31.671  -3.892  21.404
11   11      11    1      1 111111  111111 11111
505563578986834986639669791402001057140201802142  12 P 1   0 N 0  45.14  Hole
58 Peak   14.122 Discr  17.056 Bgr   4.878 Angs:  3.032  27.442  -3.892  21.404
 11     11 1 1 1 11   1111  11   111 11 1   111
932675771290637861089500669925854315946846782138  12 P 1   0 N 0  45.14  Hole
30 Peak   15.851 Discr  17.584 Bgr   5.149 Angs:  3.032  59.244  -3.892  21.404
11 111  1 111 11 1111 11 11   1111  1 1 1 1111
536420746720288282225523800797012699073948030797  12 P 1   0 N 0  45.14  Hole
28 Peak   17.085 Discr  20.872 Bgr   6.915 Angs:  3.032  47.953 -14.741  53.024
111111111 111111111 11112111111211121111 1111111
435562217897099037297516005043225114149696401675 -12 P 1   0 N 0 -60.19  Hole
90 Peak   18.314 Discr  20.459 Bgr   6.686 Angs:  3.032  26.558 -14.741  53.024
1111 11111 12121 111 11 1111111111111 1111 1211
570294359373102495668058489630353015798179871933 -12 P 1   0 N 0 -60.19  Hole
 3 Peak   15.255 Discr  20.565 Bgr   6.745 Angs:  3.032 -87.974 -14.741  53.024
121 11111111 1111 11 111111111111111111111111111
824853023453548399188301617263169824236683066276 -12 P 1   0 N 0 -60.19  Hole
77 Peak   24.186 Discr  25.883 Bgr   9.814 Angs:  3.032 -17.737 -28.328  86.966
112122212222222121212211112111121212223222211211
990530350427203855370436940995807180734540291296  12 P 1   0 N 0  90.29  Hole
57 Peak   23.000 Discr  26.193 Bgr  10.000 Angs:  3.032  53.826 -28.328  86.966
221111212111121212222211211132212212212122213222
248717545579525961522327573533365289471286372010  12 P 1   0 N 0  90.29  Hole
77 Peak   13.239 Discr  14.796 Bgr   3.761 Angs:  8.000  54.954 -34.867 110.609
1 1           1  1     1       1     11 11  1
150957876795952864886571154665917978747850490574  12 P 1   0 N 0 180.58  Hole
 1 Peak   10.016 Discr  13.117 Bgr   2.984 Angs:  9.656 -88.255 -27.757  99.933
1  1   1    1     1                    1       1
354069406557236957263694664265772634543057579710 -12 P 1   0 N 0-180.58  Hole
79 Peak    5.000 Discr   8.015 Bgr   1.000 Angs: 11.312 -15.793 -22.712  92.826
143103105124020241322123021223142421042622324122  12 P 1   0 N 0  90.29  Hole
86 Peak    6.197 Discr   7.371 Bgr   0.803 Angs: 11.312  80.871 -22.712  92.826
202123421112222111023213121001134031122320463200  12 P 1   0 N 0  90.29  Hole
 2 Peak    5.181 Discr   7.425 Bgr   0.819 Angs: 12.968   2.054 -18.735  87.735
540322303133201321443113113221102011031112030121 -12 P 1   0 N 0 -90.29  Hole
43 Peak    5.309 Discr   6.980 Bgr   0.691 Angs: 12.968 -49.609 -18.735  87.735
032201011100012131131610151223112000001313312323 -12 P 1   0 N 0 -90.29  Hole
47 Peak    3.362 Discr   6.786 Bgr   0.638 Angs: 14.624 -45.382 -15.391  83.911
123002111002011121022324132141120010131010311321  12 P 1   0 N 0  90.29  Hole
54 Peak    5.059 Discr   7.829 Bgr   0.941 Angs: 14.624  50.900 -15.391  83.911
021200133134203201122131313414236100201441321551  12 P 1   0 N 0  90.29  Hole
25 Peak    2.601 Discr   5.823 Bgr   0.399 Angs: 14.624  46.032 -11.992  75.895
021001001002300000013111321111102110020020211002 -12 P 1   0 N 0 -60.19  Hole
 1 Peak    2.460 Discr   6.410 Bgr   0.540 Angs: 14.624 -29.420 -11.992  75.895
312020122222100122121011010101111111221012110113 -12 P 1   0 N 0 -60.19  Hole
 7 Peak    3.585 Discr   5.893 Bgr   0.415 Angs: 14.624 -85.419 -11.992  75.895
121413120010220001012111111210100011110101110101 -12 P 1   0 N 0 -60.19  Hole
81 Peak    4.543 Discr   6.075 Bgr   0.457 Angs: 14.624 -39.199  -8.852  68.106
001213000120121300301021000021210111102250130100  12 P 1   0 N 0  60.19  Hole
11 Peak    2.601 Discr   5.823 Bgr   0.399 Angs: 14.624 -22.681  -8.852  68.106
012003000010012101201301110111200212001111112011  12 P 1   0 N 0  60.19  Hole
75 Peak    3.590 Discr   5.870 Bgr   0.410 Angs: 14.624  77.201  -8.852  68.106
111121111020021101000100000102301012141100112031  12 P 1   0 N 0  60.19  Hole
43 Peak    3.537 Discr   6.098 Bgr   0.463 Angs: 14.624  57.162  -5.918  60.495
010000120201101131002422003021211001101222110012 -12 P 1   0 N 0 -60.19  Hole
28 Peak   28.362 Discr   6.786 Bgr   0.638 Angs: 14.624 -12.608  -5.918  60.495
             2
041001110022264131030201231213510031101210113110 -12 P 1   0 N 0 -60.19  Hole
                    123234222
100001001000000000040049803016010000101000110000   1 O 1   1 T 6   1.32  Hole
1222222
271806370000211000010200000001000000101000000002   1 T 1   0 N 0   1.65  1.30
                                16984
211110201110000212412011122220002337792203201200   1 T 8   0 N 0   1.06   Neg
            1
         13805
111100122001289400001010300000010100020110120011   1 T 8   0 N 0   1.06   Pos
                  2243445321111
000101000011021127060907353991294321011010001111   1 O 2   1 T 6   0.86  2.66
                  1123332331111
010000100020000215040510155302025100000000001000   1 T 8   0 N 0   0.40   Neg
                     122222211
200000000011012316758167150898871000101001110001   1 T 8   0 N 0   0.33   Pos
Shifts (T,O,C):  -0.6821   0.0114  -1.0171
 5 *  13.942 S  -12.076   -5.374   59.079    2     0.67    363.5     
 5 7  0.0000561
 2 H  -1.000   0.001  -1.000   0.0516     0.003  -0.081  -0.046  0.0002779
 3 H  -2.000   2.000  -2.000   0.0064     0.001   0.004  -0.006  0.0000709
 4 H  -1.000   1.001   1.000   0.0210    -0.002  -0.019   0.009  0.0001417
 5 H  -3.000   0.000   0.000   0.0070    -0.001   0.010   0.001  0.0000926
Reciprocal axis matrix                Direct axis matrix
   0.025073  -0.178006  -0.067110        2.120252  -2.442300  -3.512752
  -0.159867  -0.139064   0.094277       -4.289299  -1.787526   1.125183
  -0.158393  -0.010756  -0.106055       -2.731610   3.828874  -4.296904
Niggli-values                         Sigma direct axis matrix
    22.7997    22.8594    40.5854        0.000361   0.000274   0.000234
     0.0377    -0.0490    -8.6812        0.002895   0.002198   0.001876
                                         0.001079   0.000819   0.000699
Cell parameters                       Sigma cell parameters
     4.7749     4.7811     6.3707          0.0003     0.0028     0.0008
    89.9291    90.0923   112.3499          0.0280     0.0081     0.0250
   0.001237  -0.001611  -0.380262        0.000490   0.000141   0.000403
 Volume=      134.5134                                0.0835 
Index-Status: HHHHH////////////////////
Nr S    H       K       L     Dev-Ang      dTh     dPh     dCh   0.0156970
 1 H  -1.000   1.000   0.000   0.0119     0.000  -0.012  -0.007  0.0000561
 2 H  -1.000   0.001  -1.000   0.0516     0.003  -0.081  -0.046  0.0002779
 3 H  -2.000   2.000  -2.000   0.0064     0.001   0.004  -0.006  0.0000709
 4 H  -1.000   1.001   1.000   0.0210    -0.002  -0.019   0.009  0.0001417
 5 H  -3.000   0.000   0.000   0.0070    -0.001   0.010   0.001  0.0000926
Reciprocal axis matrix                Direct axis matrix
   0.025073  -0.178006  -0.067110        2.120252  -2.442300  -3.512752
  -0.159867  -0.139064   0.094277       -4.289299  -1.787526   1.125183
  -0.158393  -0.010756  -0.106055       -2.731610   3.828874  -4.296904
Niggli-values                         Sigma direct axis matrix
    22.7997    22.8594    40.5854        0.000361   0.000274   0.000234
     0.0377    -0.0490    -8.6812        0.002895   0.002198   0.001876
                                         0.001079   0.000819   0.000699
Cell parameters                       Sigma cell parameters
     4.7749     4.7811     6.3707          0.0003     0.0028     0.0008
    89.9291    90.0923   112.3499          0.0280     0.0081     0.0250
   0.001237  -0.001611  -0.380262        0.000490   0.000141   0.000403
 Volume=      134.5134                                0.0835 
Index-Status: HHHHH////////////////////
Next solution?  
n
CD0> 
trans
M, R or C? [C] 
c
Nr      FOM          Lattice   Bra          

34    0.001611       MONOCLINIC   P     OBTUSE   ( 0.092)
31    0.000000       TRICLINIC    P     ACUTE    ( 0.000)
      Solutions rejected on FOM:
Nr      FOM          Lattice   Bravais  Type

13    0.002609       ORTHORHOMBIC C     OBTUSE   ( 0.149)
14    0.002609       MONOCLINIC   C     OBTUSE   ( 0.149)
Transformation-number? 
13
Orientation matrix:
R11= -0.076467 R12= -0.101540 R13= -0.067110
R21= -0.149466 R22=  0.010401 R23=  0.094277
R31= -0.084574 R32=  0.073819 R33= -0.106055
S11=   28.2967 S22=   63.0215 S33=   40.5854
S32=    0.0867 S31=   -0.0113 S21=    0.0596
A =     5.3195 B =     7.9386 C =     6.3707
Alp =  89.9018 Bet =  90.0191 Gam =  89.9191 Vol=     269.0269
Reciprocal axes:
A*=     0.1880 B*=     0.1260 C*=     0.1570
Alp*=  90.0982 Bet*=  89.9807 Gam*=  90.0810
Save, repeat with Current or try again with Old. S, C or O? [O] 
s
Reind?  
y
Nr S    H       K       L     Dev-Ang      dTh     dPh     dCh   0.0125967
 1 H   0.000   2.000   0.000   0.0119     0.000  -0.012  -0.007  0.0000561
 2 H  -0.999   1.001  -1.000   0.0516     0.003  -0.081  -0.046  0.0002779
 3 H   0.000   4.000  -2.000   0.0064     0.001   0.004  -0.006  0.0000708
 4 H   0.001   2.001   1.000   0.0210    -0.002  -0.019   0.009  0.0001418
 5 H  -3.000   3.000   0.000   0.0070    -0.001   0.010   0.001  0.0000926
Reciprocal axis matrix                Direct axis matrix
  -0.076467  -0.101539  -0.067110       -2.169047  -4.229825  -2.387569
  -0.149466   0.010401   0.094277       -6.409551   0.654774   4.637935
  -0.084574   0.073819  -0.106055       -2.731610   3.828873  -4.296904
Niggli-values                         Sigma direct axis matrix
    28.2967    63.0215    40.5853        0.003082   0.002341   0.001998
     0.0867    -0.0113     0.0597        0.002742   0.002082   0.001777
                                         0.001078   0.000819   0.000699
Cell parameters                       Sigma cell parameters
     5.3195     7.9386     6.3707          0.0024     0.0025     0.0008
    89.9018    90.0191    89.9191          0.0174     0.0265     0.0335
   0.001714  -0.000334   0.001413        0.000304   0.000462   0.000584
 Volume=      269.0269                                0.1519 
Index-Status: HHHHH////////////////////
CD0> 
lh
 6 H K L Psi? 
4 0 0 0
 7 H K L Psi? 
-4 0 0 0
 8 H K L Psi? 
0 4 0 0
 9 H K L Psi? 
0 0 2 0
10 H K L Psi? 
0 0 -2 0
11 H K L Psi? 
2 0 2 0
12 H K L Psi? 
2 2 0 0
13 H K L Psi? 
0 2 4 0
14 H K L Psi? 
1 1 1 0
15 H K L Psi? 
5 3 1 0
16 H K L Psi? 
0 -2 4 0
17 H K L Psi? 
2 4 3 0
18 H K L Psi? 
8 0 0 0
19 H K L Psi? 
-8 0 0 0
20 H K L Psi? 
1 3 0 0
21 H K L Psi? 
-2 0 -2 0
22 H K L Psi? 
0 -4 0
1 Last inputs
0
23 H K L Psi? 
0 0 6
1 Last inputs
0
24 H K L Psi? 
2 2 2
1 Last inputs
0
25 H K L Psi? 
-1 1 1 0
Full list
CD0> 
lca
From to: 
1 25
SSSSSAAAAAAAAAAAAAAAAAAAA OK?
aaaaaaaaaaaaaaaaaaaaaaaaaa
AAAAAAAAAAAAAAAAAAAAAAAAA OK?
y
CD0> 
setang
                113332444444322
011201000001212226196990799961089331301100221212   1 O 2   1 T 6   0.59  2.49
                      111
                     315161
331111011011000013003851442310111111002000200020   1 T 5   0 N 0   1.06   Neg
                       11
                     17346
000001010000200200017619059100010220200010001222   1 T 5   0 N 0   1.06   Pos
Shifts (T,O,C):  -0.0055  -0.0005   0.0302
 1 *   5.120 S   68.840  -11.009   47.452    2     0.56    499.4     
 1  5.120   84.169   35.912   0  2 0.56     249.7 
             12234655666677652221 1
000210003175756944095593602682355934322220031112   1 O 3   1 T 6   0.46  2.50
                       111
                     1414051
000110100010400002001074481810101000210100100000   1 T 4   0 N 0   1.06   Neg
                        11
                      49202
020000021100000020003824584400001020110403000003   1 T 4   0 N 0   1.06   Pos
Shifts (T,O,C):   0.0020  -0.0089  -0.0166
 2 *   5.610 S  -74.154  -32.529  102.907    3     0.52    845.4     
 2 10020110001   1 T 9   0 N 0   1.06   Pos
Shifts (T,O,C):   0.0015   0.0012  -0.0002
 5 *  13.943 S  -12.076   -5.373   59.079    2     0.74    395.2     
 5  25.429  -56.468    2     0.86     37.8     
 9                 1234431 11
201000000000001203610248079126010120010010000001   1 O 2   1 T 6   1.12  2.66
                         1
                       39383
021112123211210022014374116873112122310332000113   1 T15   0 N 0   1.06   Neg
                       38971
213222041212220010322483597434234104200010121013   1 T15   0 N 0   1.06   Pos
                 112244243311112
000000010110101250717106209607506343310002000010   1 O 3   1 T 6   0.79  2.66
Shifts (T,O,C):   0.0172  -0.0100  -0.0104
13 *  13.891 S   60.178   24.203  -31.697    3     0.74    355.1     
13 .276  -57.666   0  3 0.59     121.7 
                    1111
000010000101000114393242887637212000100000000001   1 O 2   1 T 6   1.12  2.70
                          1
                       158062
426646423053456846444275388816342271215680346355   1 T40   0 N 0   1.06   Neg
                         1
                       26092
414643133286954555553447430985325323112542423434   1 T40   0 N 0   1.06   Pos
                  122336462212221
122013312201231118384695705543123914002221111310   1 O 8   1 T 6   0.86  2.70
Shifts (T,O,C):   0.0250  -0.0009  -0.0218
17 *  16.184 S   94.070   22.149  -18.550    8     0.75    418.2     
17   -4.003  -0.001   0.000   0.0128    -0.011   0.011   0.009  0.0005691
 8 H   0.001   4.003   0.001   0.0208    -0.007  -0.007   0.020  0.0003876
 9 H   0.000   0.000   3.999   0.0082     0.003  -0.010   0.003  0.0001726
10 H  -0.001  -0.002  -2.002   0.0561    -0.006  -0.072   0.018  0.0004163
11 H   2.000   0.001   2.003   0.0520    -0.005   0.083  -0.003  0.0005144
12 H   2.001   2.003   0.002   0.0396    -0.009   0.040   0.002  0.0005570
13 H  -0.001   2.001   4.005   0.0183    -0.015   0.017   0.010  0.0007329
14 H   1.000   1.000   1.002   0.0378    -0.004   0.034   0.022  0.0002665
15 H   2.000   3.999   1.999   0.0054     0.003  -0.005  -0.002  0.0001395
16 H   1.000   3.000   0.000   0.0021     0.001  -0.002  -0.001  0.0000543
17 H   2.999   0.999   1.999   0.0074     0.005  -0.008   0.003  0.0002462
18 H   2.999   2.999   0.000   0.0058     0.004  -0.005  -0.003  0.0002226
19 H   5.998   3.998   1.999   0.0063     0.010  -0.007   0.000  0.0004620
20 H   1.000   5.000   0.000   0.0030     0.001  -0.003   0.001  0.0000578
21 H   4.998   2.998  -0.001   0.0080     0.008  -0.008  -0.001  0.0003993
22 H   2.000   2.000   5.998   0.0063     0.005  -0.008   0.001  0.0002701
23 H   0.001   8.000   0.000   0.0086     0.000  -0.007   0.006  0.0001536
24 H   1.000   5.000   1.999   0.0075     0.001  -0.007  -0.001  0.0001094
25 H   1.000   1.000   5.998   0.0072     0.005  -0.009   0.002  0.0002539
Reciprocal axis matrix                Direct axis matrix
  -0.076541  -0.101532  -0.067112       -2.169134  -4.227643  -2.386656
  -0.149506   0.010414   0.094316       -6.408853   0.656322   4.638384
  -0.084602   0.073831  -0.106073       -2.730766   3.828695  -4.295387
Niggli-values                         Sigma direct axis matrix
    28.2742    63.0188    40.5663        0.000537   0.000755   0.000741
     0.0903    -0.0113     0.0567        0.000768   0.001079   0.001059
                                         0.000747   0.001050   0.001030
Cell parameters                       Sigma cell parameters
     5.3174     7.9384     6.3692          0.0007     0.0009     0.0010
    89.8977    90.0192    89.9230          0.0107     0.0118     0.0100
   0.001786  -0.000335   0.001344        0.000186   0.000207   0.000174
 Volume=      268.8513                                0.0630 
Index-Status: HHHHHHHHHHHHHHHHHHHHHHHHH
CD0> 
lca
From to: 
1 25
SSSSSSSSASSSSSAAAAAAAAAAA OK?
aaaaaaaaaaaaaaaaaaaaaaaaaaa
AAAAAAAAAAAAAAAAAAAAAAAAA OK?
y
CD0> 
lk
From to: 
10 10
CD0> 
lh
10 H K L Psi? 
3 7 2 0
Full list
CD0> 
setang
              11233555767576432111
100210321040240725578726274338388261234323232100   1 O 3   1 T 6   0.53  2.49
                       11
                      63493
012020101011001001120653577911100111020010001121   1 T 5   0 N 0   1.06   Neg
                       11
                     144592
211110012011101102013740539200110131011020002002   1 T 5   0 N 0   1.06   Pos
Shifts (T,O,C):   0.0013  -0.0048  -0.0121
 1 *   5.122 S   68.846  -11.008   47.435    3     0.49    720.1     
 1   -0.0012   0.0011  -0.0012
 3 *  12.166 S   88.879  -15.235   79.490    2     0.70    539.7     
 3      0.001  -0.007  -0.001  0.0001060
25 H   1.001   1.000   5.999   0.0085     0.004  -0.011   0.001  0.0002334
Reciprocal axis matrix                Direct axis matrix
  -0.076542  -0.101534  -0.067104       -2.169140  -4.227564  -2.386809
  -0.149505   0.010414   0.094316       -6.408906   0.656465   4.638281
  -0.084601   0.073829  -0.106070       -2.730784   3.828850  -4.295587
Niggli-values                         Sigma direct axis matrix
    28.2743    63.0187    40.5693        0.000496   0.000770   0.000745
     0.0907    -0.0105     0.0559        0.000668   0.001035   0.001003
                                         0.000663   0.001029   0.000996
Cell parameters                       Sigma cell parameters
     5.3174     7.9384     6.3694          0.0007     0.0008     0.0010
    89.8972    90.0178    89.9242          0.0100     0.0116     0.0095
   0.001794  -0.000310   0.001324        0.000174   0.000203   0.000166
 Volume=      268.8615                                0.0609 
Index-Status: HHHHHHHHHHHHHHHHHHHHHHHHH
CD0> 
@test
CD0> hp
H K L Psi? 4 0 0 0
CD0> scan
MM? o
SA N R? 1 16
Total=    1370. Net=    1270. Width= 0.144 Peak=-0.010 Grav=-0.017  
                    122221
                    11933351
110233102121031026427174745531121011330424032022   1 O16   0 N 1   0.99   Pos
ADAS:Left=41 Right=54 Width=  0.14 Pos=0.49 Scan=  0.99 Sap=  Pos
BgL=      11 Total=    1344 BgR=      15 NetInt=     80.8 %SigmI=   2.9 
CD0> hp
H K L Psi? 0 4 0 0
CD0> scan
MM? o
SA N R? 1 16
$
CA0 Enter switch option: 

CA0 Enter switch option: 
+1
Total=    1987. Net=    1864. Width= 0.154 Peak= 0.046 Grav= 0.045  
                       123332
                      449975072
113220211112213030041339620959055154313201231301   1 O16   0 N 1   0.99   Pos
ADAS:Left=46 Right=60 Width=  0.15 Pos=0.55 Scan=  0.99 Sap=  Pos
BgL=      12 Total=    1964 BgR=      11 NetInt=    119.9 %SigmI=   2.4 
Switch 7741 reset to 7740
###0002F Switch xxx1 reset to xxx0 > 
/
Continue? 
n
Continue in indirect mode? 
y
CD0> hp
H K L Psi? 0 0 2 0
CD0> scan
MM? o
SA N R? 1 16
Total=     258. Net=     173. Width= 0.165 Peak= 0.010 Grav= 0.010  
                     1233321
306021013030145303025428086150102131242120005332   1 O16   0 N 1   0.99   Pos
ADAS:Left=42 Right=57 Width=  0.16 Pos=0.51 Scan=  0.99 Sap=  Pos
BgL=      13 Total=     230 BgR=      15 NetInt=     10.9 %SigmI=  10.6 
CD0>     
CD0>     
CD0> 
hp
H K L Psi? 
0 0 4 0
CD0> 
scan
MM? 
o
SA N R? 
1 16
Total=    2015. Net=    1908. Width= 0.154 Peak= 0.015 Grav= 0.012  
                     1233321
                    106886722
112030002123104022151207593884150121023412501343   1 O16   0 N 1   0.99   Pos
ADAS:Left=43 Right=57 Width=  0.15 Pos=0.52 Scan=  0.99 Sap=  Pos
BgL=       7 Total=    1989 BgR=      19 NetInt=    121.1 %SigmI=   2.4 
CD0> 
@test
CD0> hp
H K L Psi? 2 2 0 0
CD0> scan
MM? o
SA N R? 1 16
Total=     546. Net=     457. Width= 0.144 Peak= 0.000 Grav=-0.007  
                       1
                    26808631
000122113303211122247481722670113202103432043011   1 O16   0 N 1   0.99   Pos
ADAS:Left=42 Right=55 Width=  0.14 Pos=0.50 Scan=  0.99 Sap=  Pos
BgL=       7 Total=     525 BgR=      14 NetInt=     30.2 %SigmI=   5.1 
CD0> hp
H K L Psi? 2 0 2 0
CD0> scan
MM? o
SA N R? 1 16
Total=    2220. Net=    2104. Width= 0.154 Peak=-0.015 Grav=-0.018  
                    134432
                   476337371
221112104210012262639501423802000154061053131421   1 O16   0 N 1   0.99   Pos
ADAS:Left=40 Right=54 Width=  0.15 Pos=0.48 Scan=  0.99 Sap=  Pos
BgL=      10 Total=    2190 BgR=      20 NetInt=    133.1 %SigmI=   2.3 
CD0> hp
H K L Psi? 0 4 2 0
CD0> scan
MM? o
SA N R? 1 16
Total=    1302. Net=    1208. Width= 0.154 Peak= 0.057 Grav= 0.056  
                        122211
                       53481602
011002112131000320211177267158673401132012332341   1 O16   0 N 1   0.99   Pos
ADAS:Left=47 Right=61 Width=  0.15 Pos=0.56 Scan=  0.99 Sap=  Pos
BgL=       6 Total=    1277 BgR=      19 NetInt=     76.7 %SigmI=   3.0 
CD0> 
newcmp
Enter code (6 characters) : 
tip015
oldcry: ca0_data/tip014.cry
newcry: tip015
NEWcry: ca0_data/tip015.cry
Creating ca0_data/tip015.cry...
28 records of 512 bytes
olddat: ca0_data/tip014.dat
newdat: tip015
NEWdat: ca0_data/tip015.dat
Creating ca0_data/tip015.dat...
One record of 64 bytes
oldhkl: ca0_data/tip014.hkl
newhkl: tip015
NEWhkl: ca0_data/tip015.hkl
Creating ca0_data/tip015.hkl...
No records of 16 bytes
% -I- Open Log-File ca0_data/tip015.log
%ca0-Logging stopped at: 27-MAR-12 20:42:09
